\BOOKMARK [1][-]{section*.1}{Eidesstattliche Erkl\344rung}{}% 1
\BOOKMARK [1][-]{section*.2}{Kurzfassung}{}% 2
\BOOKMARK [1][-]{section*.3}{Abstract}{}% 3
\BOOKMARK [1][-]{section*.4}{Vorwort}{}% 4
\BOOKMARK [1][-]{section*.5}{Danksagung}{}% 5
\BOOKMARK [1][-]{section.1}{Projektteam}{}% 6
\BOOKMARK [1][-]{section.2}{Einleitung}{}% 7
\BOOKMARK [1][-]{section.3}{Projektantrag}{}% 8
\BOOKMARK [2][-]{subsection.3.1}{Name der Arbeit}{section.3}% 9
\BOOKMARK [2][-]{subsection.3.2}{Abgabetermin}{section.3}% 10
\BOOKMARK [2][-]{subsection.3.3}{Schule und Abteilung}{section.3}% 11
\BOOKMARK [2][-]{subsection.3.4}{Ausgangslage}{section.3}% 12
\BOOKMARK [2][-]{subsection.3.5}{Individuelle Themenstellungen}{section.3}% 13
\BOOKMARK [2][-]{subsection.3.6}{Beteiligte Betreuer/innen}{section.3}% 14
\BOOKMARK [2][-]{subsection.3.7}{Beteiligte Kooperationspartner/innen}{section.3}% 15
\BOOKMARK [2][-]{subsection.3.8}{Rechtliche Regelung}{section.3}% 16
\BOOKMARK [2][-]{subsection.3.9}{Zielsetzung}{section.3}% 17
\BOOKMARK [2][-]{subsection.3.10}{Kurzfassung/Abstract}{section.3}% 18
\BOOKMARK [2][-]{subsection.3.11}{Typ der Arbeit}{section.3}% 19
\BOOKMARK [1][-]{section.4}{Projektvorstudie}{}% 20
\BOOKMARK [1][-]{section.5}{Kennzeichenerkennung}{}% 21
\BOOKMARK [1][-]{section.6}{Parkplatzerkennung}{}% 22
\BOOKMARK [1][-]{section.7}{Webinterface}{}% 23
\BOOKMARK [1][-]{section.8}{Zusammenfassung und Ausblick}{}% 24
\BOOKMARK [1][-]{section.9}{Begleitprotokoll}{}% 25
\BOOKMARK [2][-]{subsection.9.1}{Philipp Kraft}{section.9}% 26
\BOOKMARK [2][-]{subsection.9.2}{Dennis K\366b}{section.9}% 27
\BOOKMARK [2][-]{subsection.9.3}{Samuel Bleiner}{section.9}% 28
\BOOKMARK [1][-]{section.10}{Anhang}{}% 29
\BOOKMARK [1][-]{section*.7}{Abbildungsverzeichnis}{}% 30
\BOOKMARK [1][-]{section*.8}{Tabellenverzeichnis}{}% 31
\BOOKMARK [1][-]{section*.9}{Abk\374rzungsverzeichnis}{}% 32
\BOOKMARK [1][-]{section*.10}{Literaturverzeichnis}{}% 33
